[0m17:40:39.553587 [debug] [MainThread]: Sending event: {'category': 'dbt', 'action': 'invocation', 'label': 'start', 'context': [<snowplow_tracker.self_describing_json.SelfDescribingJson object at 0x0000028DF1E4A930>, <snowplow_tracker.self_describing_json.SelfDescribingJson object at 0x0000028DF47EB860>, <snowplow_tracker.self_describing_json.SelfDescribingJson object at 0x0000028DF47E9250>]}


============================== 17:40:39.560859 | 1c1970e6-4ba1-4ee1-8851-2166029ec60f ==============================
[0m17:40:39.560859 [info ] [MainThread]: Running with dbt=1.11.8
[0m17:40:39.560859 [debug] [MainThread]: running dbt with arguments {'static_parser': 'True', 'no_print': 'None', 'version_check': 'True', 'warn_error_options': 'WarnErrorOptionsV2(error=[], warn=[], silence=[])', 'target_path': 'None', 'printer_width': '80', 'write_json': 'True', 'empty': 'None', 'log_cache_events': 'False', 'introspect': 'True', 'cache_selected_only': 'False', 'log_format': 'default', 'debug': 'False', 'fail_fast': 'False', 'profiles_dir': 'C:\\Users\\pdk24\\.dbt', 'send_anonymous_usage_stats': 'True', 'quiet': 'False', 'warn_error': 'None', 'partial_parse': 'True', 'indirect_selection': 'eager', 'use_colors': 'True', 'invocation_command': 'dbt init orionpulse', 'use_experimental_parser': 'False', 'log_path': 'logs'}
[0m17:40:39.605351 [info ] [MainThread]: Creating dbt configuration folder at C:\Users\pdk24\.dbt
[0m17:40:39.610086 [debug] [MainThread]: Starter project path: C:\Users\pdk24\AppData\Roaming\Python\Python312\site-packages\dbt\include\starter_project
[0m17:40:39.650789 [info ] [MainThread]: 
Your new dbt project "orionpulse" was created!

For more information on how to configure the profiles.yml file,
please consult the dbt documentation here:

  https://docs.getdbt.com/docs/configure-your-profile

One more thing:

Need help? Don't hesitate to reach out to us via GitHub issues or on Slack:

  https://community.getdbt.com/

Happy modeling!

[0m17:40:39.650789 [info ] [MainThread]: Setting up your profile.
[0m17:42:52.630757 [info ] [MainThread]: Profile orionpulse written to C:\Users\pdk24\.dbt\profiles.yml using target's profile_template.yml and your supplied values. Run 'dbt debug' to validate the connection.
[0m17:42:52.630757 [debug] [MainThread]: Command `dbt init` succeeded at 17:42:52.630757 after 133.27 seconds
[0m17:42:52.630757 [debug] [MainThread]: Sending event: {'category': 'dbt', 'action': 'invocation', 'label': 'end', 'context': [<snowplow_tracker.self_describing_json.SelfDescribingJson object at 0x0000028DF5214F20>, <snowplow_tracker.self_describing_json.SelfDescribingJson object at 0x0000028DF6707920>, <snowplow_tracker.self_describing_json.SelfDescribingJson object at 0x0000028DF5363620>]}
[0m17:42:52.630757 [debug] [MainThread]: Flushing usage events
[0m17:42:54.383051 [debug] [MainThread]: An error was encountered while trying to flush usage events
